[33m@munan-cli/core:build[0m: cache hit, replaying output [2m046b26948234d509[0m
[33m@munan-cli/core:build: [0m
[33m@munan-cli/core:build: [0m> @munan-cli/core@1.0.15 build D:\WorkPlace\my\munan-cli\packages\core
[33m@munan-cli/core:build: [0m> rimraf lib && rollup -c
[33m@munan-cli/core:build: [0m
[33m@munan-cli/core:build: [0m[36m
[33m@munan-cli/core:build: [0m[1m./src/checkEnv.ts[22m → [1mlib[22m...[39m
[33m@munan-cli/core:build: [0m[32mcreated [1mlib[22m in [1m99ms[22m[39m
[33m@munan-cli/core:build: [0m[36m
[33m@munan-cli/core:build: [0m[1m./src/checkEnv.ts[22m → [1mlib[22m...[39m
[33m@munan-cli/core:build: [0m[32mcreated [1mlib[22m in [1m46ms[22m[39m
[33m@munan-cli/core:build: [0m[36m
[33m@munan-cli/core:build: [0m[1m./src/checkEnv.ts[22m → [1mlib[22m...[39m
[33m@munan-cli/core:build: [0m[32mcreated [1mlib[22m in [1m1.8s[22m[39m
[33m@munan-cli/core:build: [0m[36m
[33m@munan-cli/core:build: [0m[1m./src/checkGlobalUpdate.ts[22m → [1mlib[22m...[39m
[33m@munan-cli/core:build: [0m[32mcreated [1mlib[22m in [1m307ms[22m[39m
[33m@munan-cli/core:build: [0m[36m
[33m@munan-cli/core:build: [0m[1m./src/checkGlobalUpdate.ts[22m → [1mlib[22m...[39m
[33m@munan-cli/core:build: [0m[32mcreated [1mlib[22m in [1m189ms[22m[39m
[33m@munan-cli/core:build: [0m[36m
[33m@munan-cli/core:build: [0m[1m./src/checkGlobalUpdate.ts[22m → [1mlib[22m...[39m
[33m@munan-cli/core:build: [0m[32mcreated [1mlib[22m in [1m846ms[22m[39m
[33m@munan-cli/core:build: [0m[36m
[33m@munan-cli/core:build: [0m[1m./src/checkInputArgs.ts[22m → [1mlib[22m...[39m
[33m@munan-cli/core:build: [0m[32mcreated [1mlib[22m in [1m13ms[22m[39m
[33m@munan-cli/core:build: [0m[36m
[33m@munan-cli/core:build: [0m[1m./src/checkInputArgs.ts[22m → [1mlib[22m...[39m
[33m@munan-cli/core:build: [0m[32mcreated [1mlib[22m in [1m14ms[22m[39m
[33m@munan-cli/core:build: [0m[36m
[33m@munan-cli/core:build: [0m[1m./src/checkInputArgs.ts[22m → [1mlib[22m...[39m
[33m@munan-cli/core:build: [0m[32mcreated [1mlib[22m in [1m688ms[22m[39m
[33m@munan-cli/core:build: [0m[36m
[33m@munan-cli/core:build: [0m[1m./src/checkNodeVersion.ts[22m → [1mlib[22m...[39m
[33m@munan-cli/core:build: [0m[32mcreated [1mlib[22m in [1m145ms[22m[39m
[33m@munan-cli/core:build: [0m[36m
[33m@munan-cli/core:build: [0m[1m./src/checkNodeVersion.ts[22m → [1mlib[22m...[39m
[33m@munan-cli/core:build: [0m[32mcreated [1mlib[22m in [1m129ms[22m[39m
[33m@munan-cli/core:build: [0m[36m
[33m@munan-cli/core:build: [0m[1m./src/checkNodeVersion.ts[22m → [1mlib[22m...[39m
[33m@munan-cli/core:build: [0m[32mcreated [1mlib[22m in [1m636ms[22m[39m
[33m@munan-cli/core:build: [0m[36m
[33m@munan-cli/core:build: [0m[1m./src/checkRoot.ts[22m → [1mlib[22m...[39m
[33m@munan-cli/core:build: [0m[32mcreated [1mlib[22m in [1m117ms[22m[39m
[33m@munan-cli/core:build: [0m[36m
[33m@munan-cli/core:build: [0m[1m./src/checkRoot.ts[22m → [1mlib[22m...[39m
[33m@munan-cli/core:build: [0m[32mcreated [1mlib[22m in [1m123ms[22m[39m
[33m@munan-cli/core:build: [0m[36m
[33m@munan-cli/core:build: [0m[1m./src/checkRoot.ts[22m → [1mlib[22m...[39m
[33m@munan-cli/core:build: [0m[32mcreated [1mlib[22m in [1m599ms[22m[39m
[33m@munan-cli/core:build: [0m[36m
[33m@munan-cli/core:build: [0m[1m./src/checkUserHome.ts[22m → [1mlib[22m...[39m
[33m@munan-cli/core:build: [0m[32mcreated [1mlib[22m in [1m126ms[22m[39m
[33m@munan-cli/core:build: [0m[36m
[33m@munan-cli/core:build: [0m[1m./src/checkUserHome.ts[22m → [1mlib[22m...[39m
[33m@munan-cli/core:build: [0m[32mcreated [1mlib[22m in [1m119ms[22m[39m
[33m@munan-cli/core:build: [0m[36m
[33m@munan-cli/core:build: [0m[1m./src/checkUserHome.ts[22m → [1mlib[22m...[39m
[33m@munan-cli/core:build: [0m[32mcreated [1mlib[22m in [1m564ms[22m[39m
[33m@munan-cli/core:build: [0m[36m
[33m@munan-cli/core:build: [0m[1m./src/cli.ts[22m → [1mlib[22m...[39m
[33m@munan-cli/core:build: [0m[32mcreated [1mlib[22m in [1m207ms[22m[39m
[33m@munan-cli/core:build: [0m[36m
[33m@munan-cli/core:build: [0m[1m./src/cli.ts[22m → [1mlib[22m...[39m
[33m@munan-cli/core:build: [0m[32mcreated [1mlib[22m in [1m198ms[22m[39m
[33m@munan-cli/core:build: [0m[36m
[33m@munan-cli/core:build: [0m[1m./src/cli.ts[22m → [1mlib[22m...[39m
[33m@munan-cli/core:build: [0m[32mcreated [1mlib[22m in [1m736ms[22m[39m
[33m@munan-cli/core:build: [0m[36m
[33m@munan-cli/core:build: [0m[1m./src/config.ts[22m → [1mlib[22m...[39m
[33m@munan-cli/core:build: [0m[32mcreated [1mlib[22m in [1m9ms[22m[39m
[33m@munan-cli/core:build: [0m[36m
[33m@munan-cli/core:build: [0m[1m./src/config.ts[22m → [1mlib[22m...[39m
[33m@munan-cli/core:build: [0m{
[33m@munan-cli/core:build: [0m  code: 'PREFER_NAMED_EXPORTS',
[33m@munan-cli/core:build: [0m  id: 'D:\\WorkPlace\\my\\munan-cli\\packages\\core\\src\\config.ts',
[33m@munan-cli/core:build: [0m  message: 'Entry module "src/config.ts" is implicitly using "default" export mode, which means for CommonJS output that its default export is assigned to "module.exports". For many tools, such CommonJS output will not be interchangeable with the original ES module. If this is intended, explicitly set "output.exports" to either "auto" or "default", otherwise you might want to consider changing the signature of "src/config.ts" to use named exports only.',
[33m@munan-cli/core:build: [0m  url: 'https://rollupjs.org/guide/en/#outputexports',
[33m@munan-cli/core:build: [0m  toString: [Function (anonymous)]
[33m@munan-cli/core:build: [0m}
[33m@munan-cli/core:build: [0m[32mcreated [1mlib[22m in [1m12ms[22m[39m
[33m@munan-cli/core:build: [0m[36m
[33m@munan-cli/core:build: [0m[1m./src/config.ts[22m → [1mlib[22m...[39m
[33m@munan-cli/core:build: [0m[32mcreated [1mlib[22m in [1m528ms[22m[39m
[33m@munan-cli/core:build: [0m[36m
[33m@munan-cli/core:build: [0m[1m./src/createWorkPackConfigHandle.ts[22m → [1mlib[22m...[39m
[33m@munan-cli/core:build: [0m[32mcreated [1mlib[22m in [1m31ms[22m[39m
[33m@munan-cli/core:build: [0m[36m
[33m@munan-cli/core:build: [0m[1m./src/createWorkPackConfigHandle.ts[22m → [1mlib[22m...[39m
[33m@munan-cli/core:build: [0m[32mcreated [1mlib[22m in [1m23ms[22m[39m
[33m@munan-cli/core:build: [0m[36m
[33m@munan-cli/core:build: [0m[1m./src/createWorkPackConfigHandle.ts[22m → [1mlib[22m...[39m
[33m@munan-cli/core:build: [0m[32mcreated [1mlib[22m in [1m579ms[22m[39m
[33m@munan-cli/core:build: [0m[36m
[33m@munan-cli/core:build: [0m[1m./src/execCommand.ts[22m → [1mlib[22m...[39m
[33m@munan-cli/core:build: [0m[32mcreated [1mlib[22m in [1m29ms[22m[39m
[33m@munan-cli/core:build: [0m[36m
[33m@munan-cli/core:build: [0m[1m./src/execCommand.ts[22m → [1mlib[22m...[39m
[33m@munan-cli/core:build: [0m[32mcreated [1mlib[22m in [1m24ms[22m[39m
[33m@munan-cli/core:build: [0m[36m
[33m@munan-cli/core:build: [0m[1m./src/execCommand.ts[22m → [1mlib[22m...[39m
[33m@munan-cli/core:build: [0m[32mcreated [1mlib[22m in [1m574ms[22m[39m
[33m@munan-cli/core:build: [0m[36m
[33m@munan-cli/core:build: [0m[1m./src/index.ts[22m → [1mlib[22m...[39m
[33m@munan-cli/core:build: [0m[32mcreated [1mlib[22m in [1m165ms[22m[39m
[33m@munan-cli/core:build: [0m[36m
[33m@munan-cli/core:build: [0m[1m./src/index.ts[22m → [1mlib[22m...[39m
[33m@munan-cli/core:build: [0m{
[33m@munan-cli/core:build: [0m  code: 'PREFER_NAMED_EXPORTS',
[33m@munan-cli/core:build: [0m  id: 'D:\\WorkPlace\\my\\munan-cli\\packages\\core\\src\\index.ts',
[33m@munan-cli/core:build: [0m  message: 'Entry module "src/index.ts" is implicitly using "default" export mode, which means for CommonJS output that its default export is assigned to "module.exports". For many tools, such CommonJS output will not be interchangeable with the original ES module. If this is intended, explicitly set "output.exports" to either "auto" or "default", otherwise you might want to consider changing the signature of "src/index.ts" to use named exports only.',
[33m@munan-cli/core:build: [0m  url: 'https://rollupjs.org/guide/en/#outputexports',
[33m@munan-cli/core:build: [0m  toString: [Function (anonymous)]
[33m@munan-cli/core:build: [0m}
[33m@munan-cli/core:build: [0m[32mcreated [1mlib[22m in [1m148ms[22m[39m
[33m@munan-cli/core:build: [0m[36m
[33m@munan-cli/core:build: [0m[1m./src/index.ts[22m → [1mlib[22m...[39m
[33m@munan-cli/core:build: [0m[32mcreated [1mlib[22m in [1m639ms[22m[39m
[33m@munan-cli/core:build: [0m[36m
[33m@munan-cli/core:build: [0m[1m./src/types.ts[22m → [1mlib[22m...[39m
[33m@munan-cli/core:build: [0m[32mcreated [1mlib[22m in [1m8ms[22m[39m
[33m@munan-cli/core:build: [0m[36m
[33m@munan-cli/core:build: [0m[1m./src/types.ts[22m → [1mlib[22m...[39m
[33m@munan-cli/core:build: [0m[32mcreated [1mlib[22m in [1m8ms[22m[39m
[33m@munan-cli/core:build: [0m[36m
[33m@munan-cli/core:build: [0m[1m./src/types.ts[22m → [1mlib[22m...[39m
[33m@munan-cli/core:build: [0m[32mcreated [1mlib[22m in [1m493ms[22m[39m
