[35m@munan-cli/utils:build[0m: cache hit, replaying output [2m09a98c0369590815[0m
[35m@munan-cli/utils:build: [0m
[35m@munan-cli/utils:build: [0m> @munan-cli/utils@1.0.9 build D:\WorkPlace\my\munan-cli\packages\utils
[35m@munan-cli/utils:build: [0m> rimraf lib && rollup -c
[35m@munan-cli/utils:build: [0m
[35m@munan-cli/utils:build: [0m[36m
[35m@munan-cli/utils:build: [0m[1m./src/ejs.ts, ./src/exec.ts, ./src/file.ts, ./src/formatPackageName.ts, ./src/formatPath.ts, ./src/index.ts, ./src/inquirer.ts, ./src/isImage.ts, ./src/log.ts, ./src/npm.ts, ./src/Package.ts, ./src/spinner.ts, ./src/terminalLink.ts, ./src/validatePackageName.ts[22m → [1mlib[22m...[39m
[35m@munan-cli/utils:build: [0m[32mcreated [1mlib[22m in [1m181ms[22m[39m
[35m@munan-cli/utils:build: [0m[36m
[35m@munan-cli/utils:build: [0m[1m./src/ejs.ts, ./src/exec.ts, ./src/file.ts, ./src/formatPackageName.ts, ./src/formatPath.ts, ./src/index.ts, ./src/inquirer.ts, ./src/isImage.ts, ./src/log.ts, ./src/npm.ts, ./src/Package.ts, ./src/spinner.ts, ./src/terminalLink.ts, ./src/validatePackageName.ts[22m → [1mlib[22m...[39m
[35m@munan-cli/utils:build: [0m{
[35m@munan-cli/utils:build: [0m  code: 'PREFER_NAMED_EXPORTS',
[35m@munan-cli/utils:build: [0m  id: 'D:\\WorkPlace\\my\\munan-cli\\packages\\utils\\src\\log.ts',
[35m@munan-cli/utils:build: [0m  message: 'Entry module "src/log.ts" is implicitly using "default" export mode, which means for CommonJS output that its default export is assigned to "module.exports". For many tools, such CommonJS output will not be interchangeable with the original ES module. If this is intended, explicitly set "output.exports" to either "auto" or "default", otherwise you might want to consider changing the signature of "src/log.ts" to use named exports only.',
[35m@munan-cli/utils:build: [0m  url: 'https://rollupjs.org/guide/en/#outputexports',
[35m@munan-cli/utils:build: [0m  toString: [Function (anonymous)]
[35m@munan-cli/utils:build: [0m}
[35m@munan-cli/utils:build: [0m{
[35m@munan-cli/utils:build: [0m  code: 'MIXED_EXPORTS',
[35m@munan-cli/utils:build: [0m  id: 'D:\\WorkPlace\\my\\munan-cli\\packages\\utils\\src\\exec.ts',
[35m@munan-cli/utils:build: [0m  message: 'Entry module "src/exec.ts" is using named and default exports together. Consumers of your bundle will have to use `chunk["default"]` to access the default export, which may not be what you want. Use `output.exports: "named"` to disable this warning',
[35m@munan-cli/utils:build: [0m  url: 'https://rollupjs.org/guide/en/#outputexports',
[35m@munan-cli/utils:build: [0m  toString: [Function (anonymous)]
[35m@munan-cli/utils:build: [0m}
[35m@munan-cli/utils:build: [0m{
[35m@munan-cli/utils:build: [0m  code: 'PREFER_NAMED_EXPORTS',
[35m@munan-cli/utils:build: [0m  id: 'D:\\WorkPlace\\my\\munan-cli\\packages\\utils\\src\\formatPath.ts',
[35m@munan-cli/utils:build: [0m  message: 'Entry module "src/formatPath.ts" is implicitly using "default" export mode, which means for CommonJS output that its default export is assigned to "module.exports". For many tools, such CommonJS output will not be interchangeable with the original ES module. If this is intended, explicitly set "output.exports" to either "auto" or "default", otherwise you might want to consider changing the signature of "src/formatPath.ts" to use named exports only.',
[35m@munan-cli/utils:build: [0m  url: 'https://rollupjs.org/guide/en/#outputexports',
[35m@munan-cli/utils:build: [0m  toString: [Function (anonymous)]
[35m@munan-cli/utils:build: [0m}
[35m@munan-cli/utils:build: [0m{
[35m@munan-cli/utils:build: [0m  code: 'PREFER_NAMED_EXPORTS',
[35m@munan-cli/utils:build: [0m  id: 'D:\\WorkPlace\\my\\munan-cli\\packages\\utils\\src\\Package.ts',
[35m@munan-cli/utils:build: [0m  message: 'Entry module "src/Package.ts" is implicitly using "default" export mode, which means for CommonJS output that its default export is assigned to "module.exports". For many tools, such CommonJS output will not be interchangeable with the original ES module. If this is intended, explicitly set "output.exports" to either "auto" or "default", otherwise you might want to consider changing the signature of "src/Package.ts" to use named exports only.',
[35m@munan-cli/utils:build: [0m  url: 'https://rollupjs.org/guide/en/#outputexports',
[35m@munan-cli/utils:build: [0m  toString: [Function (anonymous)]
[35m@munan-cli/utils:build: [0m}
[35m@munan-cli/utils:build: [0m{
[35m@munan-cli/utils:build: [0m  code: 'PREFER_NAMED_EXPORTS',
[35m@munan-cli/utils:build: [0m  id: 'D:\\WorkPlace\\my\\munan-cli\\packages\\utils\\src\\spinner.ts',
[35m@munan-cli/utils:build: [0m  message: 'Entry module "src/spinner.ts" is implicitly using "default" export mode, which means for CommonJS output that its default export is assigned to "module.exports". For many tools, such CommonJS output will not be interchangeable with the original ES module. If this is intended, explicitly set "output.exports" to either "auto" or "default", otherwise you might want to consider changing the signature of "src/spinner.ts" to use named exports only.',
[35m@munan-cli/utils:build: [0m  url: 'https://rollupjs.org/guide/en/#outputexports',
[35m@munan-cli/utils:build: [0m  toString: [Function (anonymous)]
[35m@munan-cli/utils:build: [0m}
[35m@munan-cli/utils:build: [0m[32mcreated [1mlib[22m in [1m151ms[22m[39m
[35m@munan-cli/utils:build: [0m[36m
[35m@munan-cli/utils:build: [0m[1m./src/ejs.ts, ./src/exec.ts, ./src/file.ts, ./src/formatPackageName.ts, ./src/formatPath.ts, ./src/index.ts, ./src/inquirer.ts, ./src/isImage.ts, ./src/log.ts, ./src/npm.ts, ./src/Package.ts, ./src/spinner.ts, ./src/terminalLink.ts, ./src/validatePackageName.ts[22m → [1mlib[22m...[39m
[35m@munan-cli/utils:build: [0m[32mcreated [1mlib[22m in [1m1.7s[22m[39m
